level=INFO ts=2019-10-19T02:54:12.418505Z app=device-simple source=init.go:137 msg="Check Metadata service's status ..."
level=INFO ts=2019-10-19T02:54:12.418501Z app=device-simple source=init.go:137 msg="Check Data service's status ..."
level=ERROR ts=2019-10-19T02:54:12.420222Z app=device-simple source=init.go:148 msg="Error getting ping: Get http://localhost:48080/api/v1/ping: dial tcp [::1]:48080: connect: connection refused "
level=ERROR ts=2019-10-19T02:54:12.420232Z app=device-simple source=init.go:148 msg="Error getting ping: Get http://localhost:48081/api/v1/ping: dial tcp [::1]:48081: connect: connection refused "
level=INFO ts=2019-10-19T02:54:17.421607Z app=device-simple source=init.go:137 msg="Check Metadata service's status ..."
level=INFO ts=2019-10-19T02:54:17.421586Z app=device-simple source=init.go:137 msg="Check Data service's status ..."
level=ERROR ts=2019-10-19T02:54:17.423625Z app=device-simple source=init.go:148 msg="Error getting ping: Get http://localhost:48081/api/v1/ping: dial tcp [::1]:48081: connect: connection refused "
level=ERROR ts=2019-10-19T02:54:17.423847Z app=device-simple source=init.go:148 msg="Error getting ping: Get http://localhost:48080/api/v1/ping: dial tcp [::1]:48080: connect: connection refused "
level=INFO ts=2019-10-19T02:54:22.427442Z app=device-simple source=init.go:137 msg="Check Data service's status ..."
level=INFO ts=2019-10-19T02:54:22.427465Z app=device-simple source=init.go:137 msg="Check Metadata service's status ..."
level=ERROR ts=2019-10-19T02:54:22.429599Z app=device-simple source=init.go:148 msg="Error getting ping: Get http://localhost:48080/api/v1/ping: dial tcp [::1]:48080: connect: connection refused "
level=ERROR ts=2019-10-19T02:54:22.429814Z app=device-simple source=init.go:148 msg="Error getting ping: Get http://localhost:48081/api/v1/ping: dial tcp [::1]:48081: connect: connection refused "
level=ERROR ts=2019-10-19T02:54:27.435047Z app=device-simple source=init.go:132 msg="service dependency Metadata checking time out"
level=ERROR ts=2019-10-19T02:54:27.435047Z app=device-simple source=init.go:132 msg="service dependency Data checking time out"
level=INFO ts=2019-10-19T04:08:56.701172Z app=device-simple source=init.go:137 msg="Check Metadata service's status ..."
level=INFO ts=2019-10-19T04:08:56.701164Z app=device-simple source=init.go:137 msg="Check Data service's status ..."
level=INFO ts=2019-10-19T04:08:56.705331Z app=device-simple source=init.go:47 msg="Service clients initialize successful."
level=INFO ts=2019-10-19T04:08:56.720536Z app=device-simple source=service.go:149 msg="Device Service device-simple exists"
level=INFO ts=2019-10-19T04:08:56.793713Z app=device-simple source=service.go:120 msg="*Service Start() called, name=device-simple, version=to be replaced by makefile"
level=INFO ts=2019-10-19T04:08:56.793964Z app=device-simple source=service.go:126 msg="Listening on port: 49992"
level=INFO ts=2019-10-19T04:08:56.794143Z app=device-simple source=service.go:127 msg="Service started in: 93.624276ms"
level=INFO ts=2019-10-19T04:09:04.95417Z app=device-simple source=utils.go:77 Content-Type=application/json correlation-id=6c9f3840-e03c-4ebf-9f80-6a19404ada10 msg="SendEvent: Pushed event to core data"
level=INFO ts=2019-10-19T04:09:04.955484Z app=device-simple source=utils.go:77 Content-Type=application/json correlation-id=5674ccbc-c7fb-41f4-995c-27ef4ff8710f msg="SendEvent: Pushed event to core data"
level=INFO ts=2019-10-19T04:09:12.974705Z app=device-simple source=utils.go:77 Content-Type=application/json correlation-id=42da3b40-524c-447e-a457-61d29667b25e msg="SendEvent: Pushed event to core data"
level=INFO ts=2019-10-19T04:09:12.981247Z app=device-simple source=utils.go:77 Content-Type=application/json correlation-id=6910d06c-1650-4560-92f9-6e517d7ac249 msg="SendEvent: Pushed event to core data"
level=INFO ts=2019-10-19T04:09:20.988429Z app=device-simple source=utils.go:77 Content-Type=application/json correlation-id=dd5ece39-dba7-4748-8282-771a6fb037d0 msg="SendEvent: Pushed event to core data"
level=INFO ts=2019-10-19T04:09:21.010289Z app=device-simple source=utils.go:77 Content-Type=application/json correlation-id=5a70d389-f91a-4f65-ba63-36a17cbdf5b8 msg="SendEvent: Pushed event to core data"
level=INFO ts=2019-10-19T04:09:28.981387Z app=device-simple source=utils.go:77 Content-Type=application/json correlation-id=07469241-9e59-4c44-b234-e0b169968951 msg="SendEvent: Pushed event to core data"
level=INFO ts=2019-10-19T04:09:28.981483Z app=device-simple source=utils.go:77 Content-Type=application/json correlation-id=27c03a5b-06bf-47f8-8409-6438252f0393 msg="SendEvent: Pushed event to core data"
level=INFO ts=2019-10-19T04:09:36.983829Z app=device-simple source=utils.go:77 Content-Type=application/json correlation-id=ba75d5b5-a492-4d88-ba6f-aff5fbf32ccf msg="SendEvent: Pushed event to core data"
level=INFO ts=2019-10-19T04:09:37.00595Z app=device-simple source=utils.go:77 Content-Type=application/json correlation-id=20a5083e-58b0-4444-98e7-af1751a726ef msg="SendEvent: Pushed event to core data"
level=INFO ts=2019-10-19T04:09:44.969699Z app=device-simple source=utils.go:77 Content-Type=application/json correlation-id=e8e5acd1-3907-4576-8a15-1cd191ae06b9 msg="SendEvent: Pushed event to core data"
level=INFO ts=2019-10-19T04:09:44.970811Z app=device-simple source=utils.go:77 Content-Type=application/json correlation-id=834cef71-a7bd-4c8d-8635-780e400db34e msg="SendEvent: Pushed event to core data"
level=INFO ts=2019-10-19T04:09:52.973691Z app=device-simple source=utils.go:77 Content-Type=application/json correlation-id=2e8fbd03-cc40-4ba3-a08b-8ed7840c9475 msg="SendEvent: Pushed event to core data"
level=INFO ts=2019-10-19T04:09:52.973878Z app=device-simple source=utils.go:77 Content-Type=application/json correlation-id=9b588e04-2561-4ce9-be12-71c59d35c508 msg="SendEvent: Pushed event to core data"
level=INFO ts=2019-10-19T04:10:01.002467Z app=device-simple source=utils.go:77 Content-Type=application/json correlation-id=981a356b-8545-4249-b8e3-1a2b14e09886 msg="SendEvent: Pushed event to core data"
level=INFO ts=2019-10-19T04:10:01.012265Z app=device-simple source=utils.go:77 Content-Type=application/json correlation-id=a5338e82-26ba-4906-86c8-21078afd4bcd msg="SendEvent: Pushed event to core data"
level=INFO ts=2019-10-19T04:10:08.99774Z app=device-simple source=utils.go:77 Content-Type=application/json correlation-id=8c2a949b-debe-4678-b2a0-b81fe1d59c0a msg="SendEvent: Pushed event to core data"
level=INFO ts=2019-10-19T04:10:09.009592Z app=device-simple source=utils.go:77 Content-Type=application/json correlation-id=38862bab-cd03-48a7-a6a1-90bee4aa2cfa msg="SendEvent: Pushed event to core data"
level=INFO ts=2019-10-19T04:10:17.008385Z app=device-simple source=utils.go:77 Content-Type=application/json correlation-id=49d876c6-4629-4e1a-a209-ece676675d3e msg="SendEvent: Pushed event to core data"
level=INFO ts=2019-10-19T04:10:17.015176Z app=device-simple source=utils.go:77 Content-Type=application/json correlation-id=a4bf0c02-3b9a-4987-acc9-f1a9a9244deb msg="SendEvent: Pushed event to core data"
level=INFO ts=2019-10-19T04:10:25.006564Z app=device-simple source=utils.go:77 Content-Type=application/json correlation-id=5563ccda-0017-4413-b834-c42c8b60bb7a msg="SendEvent: Pushed event to core data"
level=INFO ts=2019-10-19T04:10:25.010936Z app=device-simple source=utils.go:77 Content-Type=application/json correlation-id=048617e5-f86c-4fe6-9d4c-a7fa4a8d0af6 msg="SendEvent: Pushed event to core data"
level=INFO ts=2019-10-19T04:10:32.997007Z app=device-simple source=utils.go:77 Content-Type=application/json correlation-id=827d53ab-46a2-44b6-82c6-129f5fc8aaad msg="SendEvent: Pushed event to core data"
level=INFO ts=2019-10-19T04:10:33.017581Z app=device-simple source=utils.go:77 Content-Type=application/json correlation-id=7c1d543d-8b0c-49c7-b687-86a1bb333631 msg="SendEvent: Pushed event to core data"
level=INFO ts=2019-10-19T04:10:41.019747Z app=device-simple source=utils.go:77 Content-Type=application/json correlation-id=de6e5e38-1a67-43a6-ba8b-e56be439caf4 msg="SendEvent: Pushed event to core data"
level=INFO ts=2019-10-19T04:10:41.027803Z app=device-simple source=utils.go:77 Content-Type=application/json correlation-id=23c67206-9ca0-4180-b0ec-a1b8ac1fd945 msg="SendEvent: Pushed event to core data"
level=INFO ts=2019-10-19T04:10:48.995727Z app=device-simple source=utils.go:77 Content-Type=application/json correlation-id=a556964f-bc0a-43ad-a9f9-55d1f44925bf msg="SendEvent: Pushed event to core data"
level=INFO ts=2019-10-19T04:10:49.003483Z app=device-simple source=utils.go:77 Content-Type=application/json correlation-id=04be80ec-c2cf-4b4e-8f87-103244b6a25c msg="SendEvent: Pushed event to core data"
level=INFO ts=2019-10-19T04:10:57.010153Z app=device-simple source=utils.go:77 Content-Type=application/json correlation-id=9926f55e-b2b6-4f88-9cbb-cc944b633cd2 msg="SendEvent: Pushed event to core data"
level=INFO ts=2019-10-19T04:10:57.011839Z app=device-simple source=utils.go:77 Content-Type=application/json correlation-id=bb3c34b2-803d-4964-b063-747c02352869 msg="SendEvent: Pushed event to core data"
level=INFO ts=2019-10-19T04:11:05.01388Z app=device-simple source=utils.go:77 Content-Type=application/json correlation-id=992faf22-4948-4105-a657-307c4199013f msg="SendEvent: Pushed event to core data"
level=INFO ts=2019-10-19T04:11:05.023697Z app=device-simple source=utils.go:77 Content-Type=application/json correlation-id=110ec52d-35bb-4ae7-9532-2308ed583807 msg="SendEvent: Pushed event to core data"
level=INFO ts=2019-10-19T04:11:13.024638Z app=device-simple source=utils.go:77 Content-Type=application/json correlation-id=57f6e93e-6dd5-4e93-871d-32c041b9efe2 msg="SendEvent: Pushed event to core data"
level=INFO ts=2019-10-19T04:11:13.027587Z app=device-simple source=utils.go:77 Content-Type=application/json correlation-id=83395afb-a783-4315-ae4e-480ea8358d71 msg="SendEvent: Pushed event to core data"
level=INFO ts=2019-10-19T04:11:21.031505Z app=device-simple source=utils.go:77 Content-Type=application/json correlation-id=b23e2234-3e53-4f1c-9af5-9eb65ab6d8ef msg="SendEvent: Pushed event to core data"
level=INFO ts=2019-10-19T04:11:21.035933Z app=device-simple source=utils.go:77 Content-Type=application/json correlation-id=a3df6355-d367-446b-9ab8-f7b4180122db msg="SendEvent: Pushed event to core data"
level=INFO ts=2019-10-19T04:11:29.017081Z app=device-simple source=utils.go:77 Content-Type=application/json correlation-id=269d9d37-82ef-4707-a3e5-1f25885a6447 msg="SendEvent: Pushed event to core data"
level=INFO ts=2019-10-19T04:11:29.018216Z app=device-simple source=utils.go:77 Content-Type=application/json correlation-id=baa86290-5802-4902-a8af-22d212be1443 msg="SendEvent: Pushed event to core data"
level=INFO ts=2019-10-19T04:11:37.022236Z app=device-simple source=utils.go:77 Content-Type=application/json correlation-id=89226205-aab4-4dc8-921d-970b59aa1012 msg="SendEvent: Pushed event to core data"
level=INFO ts=2019-10-19T04:11:37.035565Z app=device-simple source=utils.go:77 Content-Type=application/json correlation-id=b169c850-333c-4ae1-b4be-3296c582ba59 msg="SendEvent: Pushed event to core data"
level=INFO ts=2019-10-19T04:11:45.02778Z app=device-simple source=utils.go:77 Content-Type=application/json correlation-id=bcb4b09a-2856-46b7-8913-51f6666c671c msg="SendEvent: Pushed event to core data"
level=INFO ts=2019-10-19T04:11:45.041666Z app=device-simple source=utils.go:77 Content-Type=application/json correlation-id=47a968ec-208a-4377-9ab4-df55c7159109 msg="SendEvent: Pushed event to core data"
level=INFO ts=2019-10-19T04:11:53.032508Z app=device-simple source=utils.go:77 Content-Type=application/json correlation-id=0d13e6fd-c9ea-41ab-8733-d5118dafad13 msg="SendEvent: Pushed event to core data"
level=INFO ts=2019-10-19T04:11:53.03271Z app=device-simple source=utils.go:77 Content-Type=application/json correlation-id=7033525c-e089-4ac0-864f-095ab6f43f96 msg="SendEvent: Pushed event to core data"
level=INFO ts=2019-10-19T04:12:01.048094Z app=device-simple source=utils.go:77 Content-Type=application/json correlation-id=36cc97cf-48dc-49ef-98de-48bb52aed9ba msg="SendEvent: Pushed event to core data"
level=INFO ts=2019-10-19T04:12:01.050148Z app=device-simple source=utils.go:77 Content-Type=application/json correlation-id=2da26737-8f12-4812-81f0-13f4892499f4 msg="SendEvent: Pushed event to core data"
level=INFO ts=2019-10-19T04:12:09.051948Z app=device-simple source=utils.go:77 Content-Type=application/json correlation-id=a91adc3b-199d-4ca9-a9e7-09d171476f34 msg="SendEvent: Pushed event to core data"
level=INFO ts=2019-10-19T04:12:09.06567Z app=device-simple source=utils.go:77 Content-Type=application/json correlation-id=ee77c762-18fe-439e-bbf8-e73e0154dc5e msg="SendEvent: Pushed event to core data"
level=INFO ts=2019-10-19T04:12:17.042182Z app=device-simple source=utils.go:77 Content-Type=application/json correlation-id=6e259fc8-ef0e-44b3-893d-f19b79d919c8 msg="SendEvent: Pushed event to core data"
level=INFO ts=2019-10-19T04:12:17.055634Z app=device-simple source=utils.go:77 Content-Type=application/json correlation-id=4c148294-11d3-438e-bb53-a2dd1bd13a15 msg="SendEvent: Pushed event to core data"
level=INFO ts=2019-10-19T04:12:25.04395Z app=device-simple source=utils.go:77 Content-Type=application/json correlation-id=8ccfcda4-3c13-4a31-841f-04ec4a931756 msg="SendEvent: Pushed event to core data"
level=INFO ts=2019-10-19T04:12:25.047064Z app=device-simple source=utils.go:77 Content-Type=application/json correlation-id=5a91fe35-6793-43a5-a3d8-ceff57ff9983 msg="SendEvent: Pushed event to core data"
level=INFO ts=2019-10-19T04:12:33.052146Z app=device-simple source=utils.go:77 Content-Type=application/json correlation-id=47dd3689-4e9e-48b7-be66-05cc2aa912bb msg="SendEvent: Pushed event to core data"
level=INFO ts=2019-10-19T04:12:33.061336Z app=device-simple source=utils.go:77 Content-Type=application/json correlation-id=4cfa7f99-69f5-48f2-9060-9a8628fcaa9f msg="SendEvent: Pushed event to core data"
level=INFO ts=2019-10-19T04:12:41.059761Z app=device-simple source=utils.go:77 Content-Type=application/json correlation-id=543e53fd-65fc-46dd-9dee-805df9d981ef msg="SendEvent: Pushed event to core data"
level=INFO ts=2019-10-19T04:12:41.066519Z app=device-simple source=utils.go:77 Content-Type=application/json correlation-id=0a404b0b-72a2-4645-a108-3e8324a41052 msg="SendEvent: Pushed event to core data"
level=INFO ts=2019-10-19T04:12:49.079786Z app=device-simple source=utils.go:77 Content-Type=application/json correlation-id=9ab44450-f4c7-4dcd-a296-cebdb6bda79e msg="SendEvent: Pushed event to core data"
level=INFO ts=2019-10-19T04:12:49.086467Z app=device-simple source=utils.go:77 Content-Type=application/json correlation-id=e847c005-3e5d-4c11-ae37-a9331ffe29e0 msg="SendEvent: Pushed event to core data"
level=INFO ts=2019-10-19T04:12:57.066938Z app=device-simple source=utils.go:77 Content-Type=application/json correlation-id=934cccea-22b8-49c9-98c5-173355527d0d msg="SendEvent: Pushed event to core data"
level=INFO ts=2019-10-19T04:12:57.077466Z app=device-simple source=utils.go:77 Content-Type=application/json correlation-id=9cfbffca-68c9-421c-8f37-1047757f3beb msg="SendEvent: Pushed event to core data"
level=INFO ts=2019-10-19T04:13:05.064599Z app=device-simple source=utils.go:77 Content-Type=application/json correlation-id=93612911-7e4a-4fa8-8327-57f405cb3750 msg="SendEvent: Pushed event to core data"
level=INFO ts=2019-10-19T04:13:05.065327Z app=device-simple source=utils.go:77 Content-Type=application/json correlation-id=feb8b8e0-2502-49e1-84cb-99801edc2a4f msg="SendEvent: Pushed event to core data"
level=INFO ts=2019-10-19T04:13:13.074014Z app=device-simple source=utils.go:77 Content-Type=application/json correlation-id=a5fb9983-806e-4b73-9f9a-db20c0ebc0b7 msg="SendEvent: Pushed event to core data"
level=INFO ts=2019-10-19T04:13:13.077869Z app=device-simple source=utils.go:77 Content-Type=application/json correlation-id=d037aa50-2409-4a83-bc2b-c54d9597844a msg="SendEvent: Pushed event to core data"
level=INFO ts=2019-10-19T04:13:21.070553Z app=device-simple source=utils.go:77 Content-Type=application/json correlation-id=4c10c53e-e685-4557-8720-cce10dcb349b msg="SendEvent: Pushed event to core data"
level=INFO ts=2019-10-19T04:13:21.08492Z app=device-simple source=utils.go:77 Content-Type=application/json correlation-id=e362bad2-bb9c-4b3b-88db-0c071dce1f03 msg="SendEvent: Pushed event to core data"
level=INFO ts=2019-10-19T04:13:29.073171Z app=device-simple source=utils.go:77 Content-Type=application/json correlation-id=9e61255e-e197-4551-9a06-e21ec3de83bf msg="SendEvent: Pushed event to core data"
level=INFO ts=2019-10-19T04:13:29.073376Z app=device-simple source=utils.go:77 Content-Type=application/json correlation-id=6b89fe75-ca5e-4fdf-ba68-55d3174eba4a msg="SendEvent: Pushed event to core data"
level=INFO ts=2019-10-19T04:13:37.081617Z app=device-simple source=utils.go:77 Content-Type=application/json correlation-id=3cc2f55c-6ae1-4c60-8c50-e64ef893e093 msg="SendEvent: Pushed event to core data"
level=INFO ts=2019-10-19T04:13:37.090994Z app=device-simple source=utils.go:77 Content-Type=application/json correlation-id=06af0fa9-c196-4e7c-8a65-9de810ffe5be msg="SendEvent: Pushed event to core data"
level=INFO ts=2019-10-19T04:13:45.087218Z app=device-simple source=utils.go:77 Content-Type=application/json correlation-id=5234d026-3024-4bd1-a17a-ef93cacbd5c1 msg="SendEvent: Pushed event to core data"
level=INFO ts=2019-10-19T04:13:45.10194Z app=device-simple source=utils.go:77 Content-Type=application/json correlation-id=f4089d7c-2ad0-44fd-a1d2-97c2b7b89c71 msg="SendEvent: Pushed event to core data"
level=INFO ts=2019-10-19T04:13:53.09938Z app=device-simple source=utils.go:77 Content-Type=application/json correlation-id=e4b77956-7ea4-4674-b286-ee7b6d1a16d3 msg="SendEvent: Pushed event to core data"
level=INFO ts=2019-10-19T04:13:53.103679Z app=device-simple source=utils.go:77 Content-Type=application/json correlation-id=49005740-0637-40a0-b2b5-70fc5af1d4c2 msg="SendEvent: Pushed event to core data"
level=INFO ts=2019-10-19T04:14:01.090828Z app=device-simple source=utils.go:77 Content-Type=application/json correlation-id=8e666d01-822b-415d-a272-715260ba9dd4 msg="SendEvent: Pushed event to core data"
level=INFO ts=2019-10-19T04:14:01.095161Z app=device-simple source=utils.go:77 Content-Type=application/json correlation-id=6860b2cd-9796-4692-9953-ad87a68c792a msg="SendEvent: Pushed event to core data"
level=INFO ts=2019-10-19T04:14:09.102114Z app=device-simple source=utils.go:77 Content-Type=application/json correlation-id=5e6d819f-7c02-4dc9-b8c1-a4666b17405b msg="SendEvent: Pushed event to core data"
level=INFO ts=2019-10-19T04:14:09.11808Z app=device-simple source=utils.go:77 Content-Type=application/json correlation-id=3e98ab1b-b464-4bb5-890b-f9a06d2f7a4b msg="SendEvent: Pushed event to core data"
level=INFO ts=2019-10-19T04:14:17.09792Z app=device-simple source=utils.go:77 Content-Type=application/json correlation-id=3aa2b5ab-5924-44d3-b6c3-510ae85dcc57 msg="SendEvent: Pushed event to core data"
level=INFO ts=2019-10-19T04:14:17.110742Z app=device-simple source=utils.go:77 Content-Type=application/json correlation-id=e2a75e63-8a92-4442-9e84-8ef23c342059 msg="SendEvent: Pushed event to core data"
level=INFO ts=2019-10-19T04:14:25.118573Z app=device-simple source=utils.go:77 Content-Type=application/json correlation-id=85ffba24-1d45-42b4-9a04-a27fd7a2deee msg="SendEvent: Pushed event to core data"
level=INFO ts=2019-10-19T04:14:25.120378Z app=device-simple source=utils.go:77 Content-Type=application/json correlation-id=9d51029c-1499-47c8-93fa-76dff346e8d0 msg="SendEvent: Pushed event to core data"
level=INFO ts=2019-10-19T04:14:33.105467Z app=device-simple source=utils.go:77 Content-Type=application/json correlation-id=0dae33b8-00c2-49ad-ab6d-4cc5f0ec0d80 msg="SendEvent: Pushed event to core data"
level=INFO ts=2019-10-19T04:14:33.108247Z app=device-simple source=utils.go:77 Content-Type=application/json correlation-id=73cef839-536f-417b-8abf-d7e89464433d msg="SendEvent: Pushed event to core data"
level=INFO ts=2019-10-19T04:14:41.141599Z app=device-simple source=utils.go:77 Content-Type=application/json correlation-id=b01e6788-d245-44c9-94d9-e184e9d4ca17 msg="SendEvent: Pushed event to core data"
level=INFO ts=2019-10-19T04:14:41.163049Z app=device-simple source=utils.go:77 Content-Type=application/json correlation-id=18d6f3b2-ab04-4374-a5ee-38c688c5c5b4 msg="SendEvent: Pushed event to core data"
level=INFO ts=2019-10-19T04:14:49.120434Z app=device-simple source=utils.go:77 Content-Type=application/json correlation-id=45d9e11f-5cba-48fd-b748-c22f037b63f3 msg="SendEvent: Pushed event to core data"
level=INFO ts=2019-10-19T04:14:49.136604Z app=device-simple source=utils.go:77 Content-Type=application/json correlation-id=da2170a3-361a-4d7e-9ce8-57256cbf04a0 msg="SendEvent: Pushed event to core data"
level=INFO ts=2019-10-19T04:14:57.125338Z app=device-simple source=utils.go:77 Content-Type=application/json correlation-id=2f21789d-8667-4ba5-b696-eff6929e15be msg="SendEvent: Pushed event to core data"
level=INFO ts=2019-10-19T04:14:57.136483Z app=device-simple source=utils.go:77 Content-Type=application/json correlation-id=97e6c413-ad1b-4f62-ba02-ec374bf76f1b msg="SendEvent: Pushed event to core data"
level=INFO ts=2019-10-19T04:15:05.117638Z app=device-simple source=utils.go:77 Content-Type=application/json correlation-id=8b109656-c334-4ce9-be66-8e6eac3970a2 msg="SendEvent: Pushed event to core data"
level=INFO ts=2019-10-19T04:15:05.125914Z app=device-simple source=utils.go:77 Content-Type=application/json correlation-id=86f141fe-68de-461f-b523-33e1139ddb41 msg="SendEvent: Pushed event to core data"
level=INFO ts=2019-10-19T04:15:13.117096Z app=device-simple source=utils.go:77 Content-Type=application/json correlation-id=6e0265e6-d9e6-420f-b996-f57023a60bb9 msg="SendEvent: Pushed event to core data"
level=INFO ts=2019-10-19T04:15:13.118417Z app=device-simple source=utils.go:77 Content-Type=application/json correlation-id=ca3529ce-afd5-4bbb-b0f1-2b3b057c92d8 msg="SendEvent: Pushed event to core data"
level=INFO ts=2019-10-19T04:15:21.154962Z app=device-simple source=utils.go:77 Content-Type=application/json correlation-id=39ead792-7bdc-48b8-8936-ef5845a3e538 msg="SendEvent: Pushed event to core data"
level=INFO ts=2019-10-19T04:15:21.195077Z app=device-simple source=utils.go:77 Content-Type=application/json correlation-id=19593661-5f95-40fa-9ea2-634866db67af msg="SendEvent: Pushed event to core data"
level=INFO ts=2019-10-19T04:15:29.135486Z app=device-simple source=utils.go:77 Content-Type=application/json correlation-id=fc3cda21-5c2b-4fdc-b211-a8546be44a50 msg="SendEvent: Pushed event to core data"
level=INFO ts=2019-10-19T04:15:29.136311Z app=device-simple source=utils.go:77 Content-Type=application/json correlation-id=d586408d-49a7-42bc-b241-2eb3826689b4 msg="SendEvent: Pushed event to core data"
level=INFO ts=2019-10-19T04:15:37.135093Z app=device-simple source=utils.go:77 Content-Type=application/json correlation-id=5f640143-c902-49c0-b600-7b055bfe988a msg="SendEvent: Pushed event to core data"
level=INFO ts=2019-10-19T04:15:37.154557Z app=device-simple source=utils.go:77 Content-Type=application/json correlation-id=e22aa619-a75e-46a0-b553-0b10c914337a msg="SendEvent: Pushed event to core data"
level=INFO ts=2019-10-19T04:15:45.148566Z app=device-simple source=utils.go:77 Content-Type=application/json correlation-id=0487ab73-7c8d-4269-b82a-56ad39f737f0 msg="SendEvent: Pushed event to core data"
level=INFO ts=2019-10-19T04:15:45.148595Z app=device-simple source=utils.go:77 Content-Type=application/json correlation-id=52d2ffa1-5151-489e-91db-4c02a8600fff msg="SendEvent: Pushed event to core data"
level=INFO ts=2019-10-19T04:15:53.129436Z app=device-simple source=utils.go:77 Content-Type=application/json correlation-id=151987c4-6f21-410a-bd4d-a35a3779ddba msg="SendEvent: Pushed event to core data"
level=INFO ts=2019-10-19T04:15:53.129869Z app=device-simple source=utils.go:77 Content-Type=application/json correlation-id=8e51bd40-5d05-444f-880a-82ae0872fb7a msg="SendEvent: Pushed event to core data"
level=INFO ts=2019-10-19T04:16:01.164509Z app=device-simple source=utils.go:77 Content-Type=application/json correlation-id=28c78923-9aaa-4734-b664-7d001df40fa7 msg="SendEvent: Pushed event to core data"
level=INFO ts=2019-10-19T04:16:01.169061Z app=device-simple source=utils.go:77 Content-Type=application/json correlation-id=05ad2d08-0e48-4ef7-a08a-56ae1f62fce2 msg="SendEvent: Pushed event to core data"
level=INFO ts=2019-10-19T04:16:09.155423Z app=device-simple source=utils.go:77 Content-Type=application/json correlation-id=1e6a98c0-463e-4103-b033-c21fd6571b20 msg="SendEvent: Pushed event to core data"
level=INFO ts=2019-10-19T04:16:09.162106Z app=device-simple source=utils.go:77 Content-Type=application/json correlation-id=d044cccc-0780-4e2c-a736-d5f58bfd4956 msg="SendEvent: Pushed event to core data"
level=INFO ts=2019-10-19T04:16:17.155227Z app=device-simple source=utils.go:77 Content-Type=application/json correlation-id=f1cca6e9-dc2d-43c5-adde-281865513085 msg="SendEvent: Pushed event to core data"
level=INFO ts=2019-10-19T04:16:17.160444Z app=device-simple source=utils.go:77 Content-Type=application/json correlation-id=e523eab4-8aba-4912-9659-8c75e364f551 msg="SendEvent: Pushed event to core data"
level=INFO ts=2019-10-19T04:16:25.164243Z app=device-simple source=utils.go:77 Content-Type=application/json correlation-id=d80bc08b-4ef0-45cf-ba9e-76a7d1aa8213 msg="SendEvent: Pushed event to core data"
level=INFO ts=2019-10-19T04:16:25.164242Z app=device-simple source=utils.go:77 Content-Type=application/json correlation-id=eaae15de-df58-4fb7-9a39-4c2b8d0d718a msg="SendEvent: Pushed event to core data"
level=INFO ts=2019-10-19T04:16:33.16373Z app=device-simple source=utils.go:77 Content-Type=application/json correlation-id=1b333951-b32c-4043-a0d6-3a6897b98d21 msg="SendEvent: Pushed event to core data"
level=INFO ts=2019-10-19T04:16:33.163796Z app=device-simple source=utils.go:77 Content-Type=application/json correlation-id=4c7ebf43-41f4-4edf-8d15-15824d60ae27 msg="SendEvent: Pushed event to core data"
level=INFO ts=2019-10-19T04:16:41.288961Z app=device-simple source=utils.go:77 Content-Type=application/json correlation-id=3d44fc8e-95db-428b-bf14-c84d06acc86e msg="SendEvent: Pushed event to core data"
level=INFO ts=2019-10-19T04:16:41.375893Z app=device-simple source=utils.go:77 Content-Type=application/json correlation-id=9f22131b-3455-4134-8eee-e39016bd4b80 msg="SendEvent: Pushed event to core data"
level=INFO ts=2019-10-19T04:16:49.162423Z app=device-simple source=utils.go:77 Content-Type=application/json correlation-id=037cffd7-cba0-49f8-9072-8b90a5f879e3 msg="SendEvent: Pushed event to core data"
level=INFO ts=2019-10-19T04:16:49.174543Z app=device-simple source=utils.go:77 Content-Type=application/json correlation-id=be85270d-43b7-4b41-8e49-a9eb2b143ec2 msg="SendEvent: Pushed event to core data"
level=INFO ts=2019-10-19T04:16:57.165651Z app=device-simple source=utils.go:77 Content-Type=application/json correlation-id=5ec45cc5-2faf-4da0-ad8b-394b84c9a6d8 msg="SendEvent: Pushed event to core data"
level=INFO ts=2019-10-19T04:16:57.165651Z app=device-simple source=utils.go:77 Content-Type=application/json correlation-id=8b282b2d-4446-4564-aa08-973e069ea3b3 msg="SendEvent: Pushed event to core data"
level=INFO ts=2019-10-19T04:17:05.17044Z app=device-simple source=utils.go:77 Content-Type=application/json correlation-id=eb80939b-e82c-492c-96b1-72a7563df027 msg="SendEvent: Pushed event to core data"
level=INFO ts=2019-10-19T04:17:05.175236Z app=device-simple source=utils.go:77 Content-Type=application/json correlation-id=a2603c17-4aad-430b-b479-9bbc50850a6a msg="SendEvent: Pushed event to core data"
level=INFO ts=2019-10-19T04:17:13.188614Z app=device-simple source=utils.go:77 Content-Type=application/json correlation-id=bf26da11-aec1-4f41-b8a0-743c66aa0989 msg="SendEvent: Pushed event to core data"
level=INFO ts=2019-10-19T04:17:13.193211Z app=device-simple source=utils.go:77 Content-Type=application/json correlation-id=f0b0b53b-d969-495a-85cc-f75cf8e6fefc msg="SendEvent: Pushed event to core data"
level=INFO ts=2019-10-19T04:17:21.208454Z app=device-simple source=utils.go:77 Content-Type=application/json correlation-id=d20f0706-b953-4d27-aa98-87708fd1ec08 msg="SendEvent: Pushed event to core data"
level=INFO ts=2019-10-19T04:17:21.238405Z app=device-simple source=utils.go:77 Content-Type=application/json correlation-id=3d388de5-b4ab-4255-8365-43f510ffc0e1 msg="SendEvent: Pushed event to core data"
level=INFO ts=2019-10-19T04:17:29.182852Z app=device-simple source=utils.go:77 Content-Type=application/json correlation-id=e42517d7-f792-450f-b53a-b3da72dada17 msg="SendEvent: Pushed event to core data"
level=INFO ts=2019-10-19T04:17:29.189206Z app=device-simple source=utils.go:77 Content-Type=application/json correlation-id=b1386fef-de2a-4175-aff3-018a3cd3c771 msg="SendEvent: Pushed event to core data"
level=INFO ts=2019-10-19T04:17:37.202306Z app=device-simple source=utils.go:77 Content-Type=application/json correlation-id=0bc5e642-0cfc-4364-88c3-81713828a294 msg="SendEvent: Pushed event to core data"
level=INFO ts=2019-10-19T04:17:37.215612Z app=device-simple source=utils.go:77 Content-Type=application/json correlation-id=fb5d9426-a953-4a1b-95ed-cba09e7f6ca1 msg="SendEvent: Pushed event to core data"
level=INFO ts=2019-10-19T04:17:45.195602Z app=device-simple source=utils.go:77 Content-Type=application/json correlation-id=da2355c1-6daf-4454-a6fb-2c48be74c57d msg="SendEvent: Pushed event to core data"
level=INFO ts=2019-10-19T04:17:45.19559Z app=device-simple source=utils.go:77 Content-Type=application/json correlation-id=fd69bd6d-6148-4230-be8a-670c4ef3432a msg="SendEvent: Pushed event to core data"
level=INFO ts=2019-10-19T04:17:53.189347Z app=device-simple source=utils.go:77 Content-Type=application/json correlation-id=a70ca9b1-e1cc-42da-9a5a-22cd58043e35 msg="SendEvent: Pushed event to core data"
level=INFO ts=2019-10-19T04:17:53.191218Z app=device-simple source=utils.go:77 Content-Type=application/json correlation-id=3b3774a5-3f86-4dc2-b46e-dff395406e1a msg="SendEvent: Pushed event to core data"
level=INFO ts=2019-10-19T04:18:01.216992Z app=device-simple source=utils.go:77 Content-Type=application/json correlation-id=0e002133-36ee-427a-a6ab-3b3952395152 msg="SendEvent: Pushed event to core data"
level=INFO ts=2019-10-19T04:18:01.224347Z app=device-simple source=utils.go:77 Content-Type=application/json correlation-id=cf5170f2-f23c-4a67-866e-ad305f6571cc msg="SendEvent: Pushed event to core data"
level=INFO ts=2019-10-19T04:18:09.204454Z app=device-simple source=utils.go:77 Content-Type=application/json correlation-id=42ca81f1-8e75-4b16-8f94-ddfb794e34da msg="SendEvent: Pushed event to core data"
level=INFO ts=2019-10-19T04:18:09.213705Z app=device-simple source=utils.go:77 Content-Type=application/json correlation-id=bc25934f-4e65-498f-bcb2-bc4b1c8d1606 msg="SendEvent: Pushed event to core data"
level=INFO ts=2019-10-19T04:18:17.200475Z app=device-simple source=utils.go:77 Content-Type=application/json correlation-id=1d6c6a07-d19d-467c-9ab7-05e5aecdc31b msg="SendEvent: Pushed event to core data"
level=INFO ts=2019-10-19T04:18:17.203414Z app=device-simple source=utils.go:77 Content-Type=application/json correlation-id=c80aa23a-97ad-410d-bf5e-7d26e8616a7d msg="SendEvent: Pushed event to core data"
level=INFO ts=2019-10-19T04:18:25.220976Z app=device-simple source=utils.go:77 Content-Type=application/json correlation-id=915fb13f-3bec-4118-866d-74a95354ee93 msg="SendEvent: Pushed event to core data"
level=INFO ts=2019-10-19T04:18:25.224019Z app=device-simple source=utils.go:77 Content-Type=application/json correlation-id=ee5188c4-56c8-482c-82c0-3f74d5c26501 msg="SendEvent: Pushed event to core data"
level=INFO ts=2019-10-19T04:18:33.219599Z app=device-simple source=utils.go:77 Content-Type=application/json correlation-id=f01a6a54-8982-48c3-8424-fa8015b563af msg="SendEvent: Pushed event to core data"
level=INFO ts=2019-10-19T04:18:33.22341Z app=device-simple source=utils.go:77 Content-Type=application/json correlation-id=3a1985cc-d414-4921-afbd-799c742b44a3 msg="SendEvent: Pushed event to core data"
level=INFO ts=2019-10-19T04:18:41.257031Z app=device-simple source=utils.go:77 Content-Type=application/json correlation-id=2491f8c5-7bde-427b-9e5b-401a472cc1df msg="SendEvent: Pushed event to core data"
level=INFO ts=2019-10-19T04:18:41.361959Z app=device-simple source=utils.go:77 Content-Type=application/json correlation-id=2df6086a-59f6-443e-a687-35fce47d21ed msg="SendEvent: Pushed event to core data"
level=INFO ts=2019-10-19T04:18:49.228585Z app=device-simple source=utils.go:77 Content-Type=application/json correlation-id=e69e01b4-2f84-4f5a-bb6f-cb8f3d1ad6f3 msg="SendEvent: Pushed event to core data"
level=INFO ts=2019-10-19T04:18:49.229145Z app=device-simple source=utils.go:77 Content-Type=application/json correlation-id=725da8ca-346f-4724-977e-067df1f23af2 msg="SendEvent: Pushed event to core data"
level=INFO ts=2019-10-19T04:18:57.239629Z app=device-simple source=utils.go:77 Content-Type=application/json correlation-id=702de356-5600-47fd-90ae-b6a16f04783c msg="SendEvent: Pushed event to core data"
level=INFO ts=2019-10-19T04:18:57.23964Z app=device-simple source=utils.go:77 Content-Type=application/json correlation-id=adee7670-56fa-46bf-9ff2-4f90c3f4bd57 msg="SendEvent: Pushed event to core data"
level=INFO ts=2019-10-19T04:19:05.240415Z app=device-simple source=utils.go:77 Content-Type=application/json correlation-id=3c5767c5-9b5d-4f32-9132-eb7b3d388b5a msg="SendEvent: Pushed event to core data"
level=INFO ts=2019-10-19T04:19:05.243553Z app=device-simple source=utils.go:77 Content-Type=application/json correlation-id=7b5dd5a7-498f-4954-bb35-e3a2d55a58af msg="SendEvent: Pushed event to core data"
level=INFO ts=2019-10-19T04:19:13.230315Z app=device-simple source=utils.go:77 Content-Type=application/json correlation-id=69f96f7f-0774-44fe-aee7-e0368e009723 msg="SendEvent: Pushed event to core data"
level=INFO ts=2019-10-19T04:19:13.230927Z app=device-simple source=utils.go:77 Content-Type=application/json correlation-id=fd48b7c3-f447-45b3-a873-c809270908e5 msg="SendEvent: Pushed event to core data"
level=INFO ts=2019-10-19T04:19:21.235167Z app=device-simple source=utils.go:77 Content-Type=application/json correlation-id=1025f4eb-e624-4a60-bf57-00e61003e1f7 msg="SendEvent: Pushed event to core data"
level=INFO ts=2019-10-19T04:19:21.235775Z app=device-simple source=utils.go:77 Content-Type=application/json correlation-id=8789cd33-5bec-491c-8587-cc6383a80da0 msg="SendEvent: Pushed event to core data"
level=INFO ts=2019-10-19T04:19:29.243268Z app=device-simple source=utils.go:77 Content-Type=application/json correlation-id=98b0f986-3bd4-44be-af96-fbf623c5890f msg="SendEvent: Pushed event to core data"
level=INFO ts=2019-10-19T04:19:29.248021Z app=device-simple source=utils.go:77 Content-Type=application/json correlation-id=bff1e2e1-7b74-410d-998e-df55fa5d6232 msg="SendEvent: Pushed event to core data"
level=INFO ts=2019-10-19T04:19:37.242555Z app=device-simple source=utils.go:77 Content-Type=application/json correlation-id=f522be65-9c13-40db-89dd-ce9a3dfd3f82 msg="SendEvent: Pushed event to core data"
level=INFO ts=2019-10-19T04:19:37.254901Z app=device-simple source=utils.go:77 Content-Type=application/json correlation-id=743e4768-e084-4a40-90b4-c036b0b5ba33 msg="SendEvent: Pushed event to core data"
level=INFO ts=2019-10-19T04:19:45.264949Z app=device-simple source=utils.go:77 Content-Type=application/json correlation-id=e0c42fe5-2222-4faf-af56-b670e4fa553b msg="SendEvent: Pushed event to core data"
level=INFO ts=2019-10-19T04:19:45.265064Z app=device-simple source=utils.go:77 Content-Type=application/json correlation-id=98f9a66e-bc8a-4524-abd9-1f0f9476c735 msg="SendEvent: Pushed event to core data"
level=INFO ts=2019-10-19T04:19:53.263684Z app=device-simple source=utils.go:77 Content-Type=application/json correlation-id=cdab777a-50d0-47c0-aa87-60415b9c6bf9 msg="SendEvent: Pushed event to core data"
level=INFO ts=2019-10-19T04:19:53.268589Z app=device-simple source=utils.go:77 Content-Type=application/json correlation-id=9b82d236-1366-4623-8d1d-1ef9cd8105f2 msg="SendEvent: Pushed event to core data"
level=INFO ts=2019-10-19T04:20:01.278115Z app=device-simple source=utils.go:77 Content-Type=application/json correlation-id=a089193f-c9ed-4f7b-bacc-bb10776e988d msg="SendEvent: Pushed event to core data"
level=INFO ts=2019-10-19T04:20:01.285482Z app=device-simple source=utils.go:77 Content-Type=application/json correlation-id=c5c13a05-f2c8-4f9a-b9d3-7024ae990d19 msg="SendEvent: Pushed event to core data"
level=INFO ts=2019-10-19T04:20:09.267672Z app=device-simple source=utils.go:77 Content-Type=application/json correlation-id=4e378061-e101-42aa-927d-e074878fbaed msg="SendEvent: Pushed event to core data"
level=INFO ts=2019-10-19T04:20:09.280551Z app=device-simple source=utils.go:77 Content-Type=application/json correlation-id=1cbfe901-bec6-4b5e-bd36-4c3b7d0ff4fc msg="SendEvent: Pushed event to core data"
level=INFO ts=2019-10-19T04:20:17.272695Z app=device-simple source=utils.go:77 Content-Type=application/json correlation-id=a58b5557-bed3-45c3-8a49-fe3d354f7147 msg="SendEvent: Pushed event to core data"
level=INFO ts=2019-10-19T04:20:17.275049Z app=device-simple source=utils.go:77 Content-Type=application/json correlation-id=e3afb359-0ba7-4dfa-9393-d96f3ce1d5ef msg="SendEvent: Pushed event to core data"
level=INFO ts=2019-10-19T04:20:25.266848Z app=device-simple source=utils.go:77 Content-Type=application/json correlation-id=2cc5a5e6-ab73-479b-901a-65dc0143b9ff msg="SendEvent: Pushed event to core data"
level=INFO ts=2019-10-19T04:20:25.279822Z app=device-simple source=utils.go:77 Content-Type=application/json correlation-id=25215470-2323-46d7-a383-3d4316f3c22a msg="SendEvent: Pushed event to core data"
level=INFO ts=2019-10-19T04:20:33.272283Z app=device-simple source=utils.go:77 Content-Type=application/json correlation-id=eccb45d5-a9fe-419a-8937-e791df2bceff msg="SendEvent: Pushed event to core data"
level=INFO ts=2019-10-19T04:20:33.277359Z app=device-simple source=utils.go:77 Content-Type=application/json correlation-id=33f6696d-2fdd-4cf0-a47a-aadce58abcc5 msg="SendEvent: Pushed event to core data"
level=INFO ts=2019-10-19T04:20:41.324447Z app=device-simple source=utils.go:77 Content-Type=application/json correlation-id=ee80a93d-47e8-462d-bd5a-b45fa4f8b2ab msg="SendEvent: Pushed event to core data"
level=INFO ts=2019-10-19T04:20:41.332182Z app=device-simple source=utils.go:77 Content-Type=application/json correlation-id=dbb9ce6e-d6ec-4869-82ef-e36ab108d62b msg="SendEvent: Pushed event to core data"
level=INFO ts=2019-10-19T04:20:49.290545Z app=device-simple source=utils.go:77 Content-Type=application/json correlation-id=1fdd2ce6-0b73-4c97-ad54-b5c605f7cf0d msg="SendEvent: Pushed event to core data"
level=INFO ts=2019-10-19T04:20:49.299156Z app=device-simple source=utils.go:77 Content-Type=application/json correlation-id=bb551f47-ea9a-4a92-97b3-f15a1899ebdc msg="SendEvent: Pushed event to core data"
level=INFO ts=2019-10-19T04:20:57.275207Z app=device-simple source=utils.go:77 Content-Type=application/json correlation-id=f2f3b97d-ad75-4c30-ab6a-43b137c38f40 msg="SendEvent: Pushed event to core data"
level=INFO ts=2019-10-19T04:20:57.27708Z app=device-simple source=utils.go:77 Content-Type=application/json correlation-id=51c76434-a682-4b58-a002-2d702864d954 msg="SendEvent: Pushed event to core data"
level=INFO ts=2019-10-19T04:21:05.288941Z app=device-simple source=utils.go:77 Content-Type=application/json correlation-id=e3b80130-f643-462a-ad82-f67af2824983 msg="SendEvent: Pushed event to core data"
level=INFO ts=2019-10-19T04:21:05.298682Z app=device-simple source=utils.go:77 Content-Type=application/json correlation-id=b0238457-6266-4797-b912-cf9788adc29e msg="SendEvent: Pushed event to core data"
level=INFO ts=2019-10-19T04:21:13.294816Z app=device-simple source=utils.go:77 Content-Type=application/json correlation-id=ae45c0bf-04cb-459c-a58f-d0432c557744 msg="SendEvent: Pushed event to core data"
level=INFO ts=2019-10-19T04:21:13.300558Z app=device-simple source=utils.go:77 Content-Type=application/json correlation-id=8456dd85-ef68-4705-b018-af953159c35a msg="SendEvent: Pushed event to core data"
level=INFO ts=2019-10-19T04:21:21.292049Z app=device-simple source=utils.go:77 Content-Type=application/json correlation-id=df21dcf9-d556-4c28-a71b-6166c20bfe12 msg="SendEvent: Pushed event to core data"
level=INFO ts=2019-10-19T04:21:21.292492Z app=device-simple source=utils.go:77 Content-Type=application/json correlation-id=db9dc6dc-69cb-4814-9a0a-ef60e3480de8 msg="SendEvent: Pushed event to core data"
level=INFO ts=2019-10-19T04:21:29.3129Z app=device-simple source=utils.go:77 Content-Type=application/json correlation-id=00566b45-f9c3-4db2-9299-070925df635d msg="SendEvent: Pushed event to core data"
level=INFO ts=2019-10-19T04:21:29.324512Z app=device-simple source=utils.go:77 Content-Type=application/json correlation-id=86f3db0d-549f-45b6-be2c-90478295e651 msg="SendEvent: Pushed event to core data"
level=INFO ts=2019-10-19T04:21:37.310802Z app=device-simple source=utils.go:77 Content-Type=application/json correlation-id=dcac2a39-717a-4181-af49-8b82a85a27e9 msg="SendEvent: Pushed event to core data"
level=INFO ts=2019-10-19T04:21:37.328296Z app=device-simple source=utils.go:77 Content-Type=application/json correlation-id=a1f73517-c63c-4385-a33c-fae1b0c7f98f msg="SendEvent: Pushed event to core data"
level=INFO ts=2019-10-19T04:21:45.305393Z app=device-simple source=utils.go:77 Content-Type=application/json correlation-id=5a2428b3-9dd4-40ed-93a9-808b64f99b4e msg="SendEvent: Pushed event to core data"
level=INFO ts=2019-10-19T04:21:45.307955Z app=device-simple source=utils.go:77 Content-Type=application/json correlation-id=99158bb7-4e48-4957-88fb-07961fca0a58 msg="SendEvent: Pushed event to core data"
level=INFO ts=2019-10-19T04:21:53.310922Z app=device-simple source=utils.go:77 Content-Type=application/json correlation-id=683c86b2-b636-4af6-a52d-9871c14e1a8e msg="SendEvent: Pushed event to core data"
level=INFO ts=2019-10-19T04:21:53.319293Z app=device-simple source=utils.go:77 Content-Type=application/json correlation-id=70b9134e-09d8-433b-b2bc-6c837bac9e1b msg="SendEvent: Pushed event to core data"
level=INFO ts=2019-10-19T04:22:01.304901Z app=device-simple source=utils.go:77 Content-Type=application/json correlation-id=4f9e2ccd-50ba-48e9-a3cc-b4f3934c16ec msg="SendEvent: Pushed event to core data"
level=INFO ts=2019-10-19T04:22:01.308883Z app=device-simple source=utils.go:77 Content-Type=application/json correlation-id=f229949d-0a71-4e0b-a426-06f1e1043de1 msg="SendEvent: Pushed event to core data"
level=INFO ts=2019-10-19T04:22:09.313743Z app=device-simple source=utils.go:77 Content-Type=application/json correlation-id=480c899c-4c2a-4556-80d6-beee70010fa2 msg="SendEvent: Pushed event to core data"
level=INFO ts=2019-10-19T04:22:09.326333Z app=device-simple source=utils.go:77 Content-Type=application/json correlation-id=6ac1ca3d-d286-4eed-b284-faaa69cbbeab msg="SendEvent: Pushed event to core data"
level=INFO ts=2019-10-19T04:22:17.315796Z app=device-simple source=utils.go:77 Content-Type=application/json correlation-id=0ebf2cc6-f4ea-453d-b845-85fb1bfbe013 msg="SendEvent: Pushed event to core data"
level=INFO ts=2019-10-19T04:22:17.316184Z app=device-simple source=utils.go:77 Content-Type=application/json correlation-id=68b1ca77-1c3a-4306-b30c-3637d866d2f4 msg="SendEvent: Pushed event to core data"
level=INFO ts=2019-10-19T04:22:25.319174Z app=device-simple source=utils.go:77 Content-Type=application/json correlation-id=7acac745-82f6-4454-b7f6-eccc6f1d84c9 msg="SendEvent: Pushed event to core data"
level=INFO ts=2019-10-19T04:22:25.330237Z app=device-simple source=utils.go:77 Content-Type=application/json correlation-id=297c1d95-0af8-425b-b373-8b867e730d9e msg="SendEvent: Pushed event to core data"
level=INFO ts=2019-10-19T04:22:33.32381Z app=device-simple source=utils.go:77 Content-Type=application/json correlation-id=e0849892-79e9-447d-abb4-7b04e3c476bb msg="SendEvent: Pushed event to core data"
level=INFO ts=2019-10-19T04:22:33.32846Z app=device-simple source=utils.go:77 Content-Type=application/json correlation-id=48295475-ef93-4984-b1a7-f0591c8dfb6d msg="SendEvent: Pushed event to core data"
level=INFO ts=2019-10-19T04:22:41.342145Z app=device-simple source=utils.go:77 Content-Type=application/json correlation-id=744c2fd8-97cb-418d-b640-30ede6776b02 msg="SendEvent: Pushed event to core data"
level=INFO ts=2019-10-19T04:22:41.344034Z app=device-simple source=utils.go:77 Content-Type=application/json correlation-id=5a8f8207-a9cb-4038-a35f-d7be51ad436c msg="SendEvent: Pushed event to core data"
level=INFO ts=2019-10-19T04:22:49.338774Z app=device-simple source=utils.go:77 Content-Type=application/json correlation-id=3f395db6-780d-4afd-b98e-2f75623da5de msg="SendEvent: Pushed event to core data"
level=INFO ts=2019-10-19T04:22:49.339736Z app=device-simple source=utils.go:77 Content-Type=application/json correlation-id=4cbca9a7-277a-4b23-889f-dec686af5343 msg="SendEvent: Pushed event to core data"
level=INFO ts=2019-10-19T04:22:57.34087Z app=device-simple source=utils.go:77 Content-Type=application/json correlation-id=1fa813c3-467d-4247-9f05-bbd94b7571ae msg="SendEvent: Pushed event to core data"
level=INFO ts=2019-10-19T04:22:57.340857Z app=device-simple source=utils.go:77 Content-Type=application/json correlation-id=3efde3d3-afc6-4540-8695-5157d742850a msg="SendEvent: Pushed event to core data"
level=INFO ts=2019-10-19T04:23:05.3375Z app=device-simple source=utils.go:77 Content-Type=application/json correlation-id=848dd1ac-b6d9-44cf-aff3-96a0fb2786e1 msg="SendEvent: Pushed event to core data"
level=INFO ts=2019-10-19T04:23:05.347945Z app=device-simple source=utils.go:77 Content-Type=application/json correlation-id=c3ab0309-1e5a-4f46-ba94-b0782b1721fa msg="SendEvent: Pushed event to core data"
level=INFO ts=2019-10-19T04:23:13.334235Z app=device-simple source=utils.go:77 Content-Type=application/json correlation-id=d1e86695-824d-43b6-b3f7-9c58184bc847 msg="SendEvent: Pushed event to core data"
level=INFO ts=2019-10-19T04:23:13.340157Z app=device-simple source=utils.go:77 Content-Type=application/json correlation-id=b27191b2-a413-4fa8-93e4-4e079f064d31 msg="SendEvent: Pushed event to core data"
level=INFO ts=2019-10-19T04:23:21.339307Z app=device-simple source=utils.go:77 Content-Type=application/json correlation-id=bbf5fb9c-f7fe-4f93-98a2-3beac9c04263 msg="SendEvent: Pushed event to core data"
level=INFO ts=2019-10-19T04:23:21.350192Z app=device-simple source=utils.go:77 Content-Type=application/json correlation-id=566012f1-71dd-401d-87db-658d1ad6d0ca msg="SendEvent: Pushed event to core data"
level=INFO ts=2019-10-19T04:23:29.350262Z app=device-simple source=utils.go:77 Content-Type=application/json correlation-id=6a0ee46a-cd5f-411f-a7ef-a2f394ccd948 msg="SendEvent: Pushed event to core data"
level=INFO ts=2019-10-19T04:23:29.360783Z app=device-simple source=utils.go:77 Content-Type=application/json correlation-id=a2ebe4a3-a2de-4c0e-b9e5-0f7292189977 msg="SendEvent: Pushed event to core data"
level=INFO ts=2019-10-19T04:23:37.349611Z app=device-simple source=utils.go:77 Content-Type=application/json correlation-id=7c088c04-f218-47fa-8916-60e8ac57ecf3 msg="SendEvent: Pushed event to core data"
level=INFO ts=2019-10-19T04:23:37.362871Z app=device-simple source=utils.go:77 Content-Type=application/json correlation-id=10852c07-19a2-48ab-85ed-644e5cfc125f msg="SendEvent: Pushed event to core data"
level=INFO ts=2019-10-19T04:23:45.356778Z app=device-simple source=utils.go:77 Content-Type=application/json correlation-id=26d758f4-edc0-4bcc-9746-bf39e1fbf202 msg="SendEvent: Pushed event to core data"
level=INFO ts=2019-10-19T04:23:45.357693Z app=device-simple source=utils.go:77 Content-Type=application/json correlation-id=15cb2c96-5c83-478e-9f6b-0d9c10b678c5 msg="SendEvent: Pushed event to core data"
level=INFO ts=2019-10-19T04:23:53.364762Z app=device-simple source=utils.go:77 Content-Type=application/json correlation-id=37f083dd-1d42-485a-bbfc-a8268d6c21c6 msg="SendEvent: Pushed event to core data"
level=INFO ts=2019-10-19T04:23:53.377231Z app=device-simple source=utils.go:77 Content-Type=application/json correlation-id=4da14c54-11a7-4e67-b594-18c5c0570458 msg="SendEvent: Pushed event to core data"
level=INFO ts=2019-10-19T04:24:01.363445Z app=device-simple source=utils.go:77 Content-Type=application/json correlation-id=b2fdc8e5-5e54-4f37-9aa5-378770e42401 msg="SendEvent: Pushed event to core data"
level=INFO ts=2019-10-19T04:24:01.363712Z app=device-simple source=utils.go:77 Content-Type=application/json correlation-id=f924ab60-b772-4a0f-b95d-56c78e7b1b5d msg="SendEvent: Pushed event to core data"
level=INFO ts=2019-10-19T04:24:09.369476Z app=device-simple source=utils.go:77 Content-Type=application/json correlation-id=b6a66f5e-6285-417b-8639-b810de932a7e msg="SendEvent: Pushed event to core data"
level=INFO ts=2019-10-19T04:24:09.389307Z app=device-simple source=utils.go:77 Content-Type=application/json correlation-id=d7770435-ab48-46bb-b545-138a91a86140 msg="SendEvent: Pushed event to core data"
level=INFO ts=2019-10-19T04:24:17.375747Z app=device-simple source=utils.go:77 Content-Type=application/json correlation-id=5fd52359-e5c4-43ff-b59e-493d2ab165be msg="SendEvent: Pushed event to core data"
level=INFO ts=2019-10-19T04:24:17.384925Z app=device-simple source=utils.go:77 Content-Type=application/json correlation-id=22880071-1261-45c8-af8e-832c354b1382 msg="SendEvent: Pushed event to core data"
level=INFO ts=2019-10-19T04:24:25.380769Z app=device-simple source=utils.go:77 Content-Type=application/json correlation-id=cbae9775-ba33-4039-9f04-6a5d6e4ec0d1 msg="SendEvent: Pushed event to core data"
level=INFO ts=2019-10-19T04:24:25.38582Z app=device-simple source=utils.go:77 Content-Type=application/json correlation-id=51f1e4e1-13f7-4082-8392-6bac6e3a885e msg="SendEvent: Pushed event to core data"
level=INFO ts=2019-10-19T04:24:33.382952Z app=device-simple source=utils.go:77 Content-Type=application/json correlation-id=4d133f02-5f9c-4873-a14f-1374ad195f39 msg="SendEvent: Pushed event to core data"
level=INFO ts=2019-10-19T04:24:33.38296Z app=device-simple source=utils.go:77 Content-Type=application/json correlation-id=5604d7d3-cee6-44fd-a82d-bb615dcf6747 msg="SendEvent: Pushed event to core data"
level=INFO ts=2019-10-19T04:24:41.388845Z app=device-simple source=utils.go:77 Content-Type=application/json correlation-id=7cdc7b29-9279-4633-9ff9-5cdcf5420b38 msg="SendEvent: Pushed event to core data"
level=INFO ts=2019-10-19T04:24:41.38987Z app=device-simple source=utils.go:77 Content-Type=application/json correlation-id=d43199d0-1b2a-459b-9f68-1ef7369bf442 msg="SendEvent: Pushed event to core data"
level=INFO ts=2019-10-19T04:24:49.381056Z app=device-simple source=utils.go:77 Content-Type=application/json correlation-id=e2e9835d-48ed-4e95-9b89-6514e72cdb65 msg="SendEvent: Pushed event to core data"
level=INFO ts=2019-10-19T04:24:49.382853Z app=device-simple source=utils.go:77 Content-Type=application/json correlation-id=ffc961fd-0641-46c3-932f-fcd1464f616b msg="SendEvent: Pushed event to core data"
level=INFO ts=2019-10-19T04:24:57.402888Z app=device-simple source=utils.go:77 Content-Type=application/json correlation-id=40028186-be3b-4553-a061-89f02fc26cb9 msg="SendEvent: Pushed event to core data"
level=INFO ts=2019-10-19T04:24:57.412607Z app=device-simple source=utils.go:77 Content-Type=application/json correlation-id=27605a35-5f1d-45d6-b94a-c2001c49db40 msg="SendEvent: Pushed event to core data"
level=INFO ts=2019-10-19T04:25:05.395073Z app=device-simple source=utils.go:77 Content-Type=application/json correlation-id=f0c2b369-abc2-4d1e-898b-4b1ba48ee508 msg="SendEvent: Pushed event to core data"
level=INFO ts=2019-10-19T04:25:05.414311Z app=device-simple source=utils.go:77 Content-Type=application/json correlation-id=8582b787-666b-4e43-afee-43280610fca5 msg="SendEvent: Pushed event to core data"
level=INFO ts=2019-10-19T04:25:13.418929Z app=device-simple source=utils.go:77 Content-Type=application/json correlation-id=e3836099-d58c-4a64-aeb2-8411eb62f252 msg="SendEvent: Pushed event to core data"
level=INFO ts=2019-10-19T04:25:13.422172Z app=device-simple source=utils.go:77 Content-Type=application/json correlation-id=a965eac7-a2da-40f8-9263-369f82a1068b msg="SendEvent: Pushed event to core data"
level=INFO ts=2019-10-19T04:25:21.392366Z app=device-simple source=utils.go:77 Content-Type=application/json correlation-id=f5810433-6d35-4d5b-acfd-bb95a3f9a09b msg="SendEvent: Pushed event to core data"
level=INFO ts=2019-10-19T04:25:21.395443Z app=device-simple source=utils.go:77 Content-Type=application/json correlation-id=0f001099-8eca-45f1-b14c-bc06c656ced5 msg="SendEvent: Pushed event to core data"
level=INFO ts=2019-10-19T04:25:29.409086Z app=device-simple source=utils.go:77 Content-Type=application/json correlation-id=9734cec9-291b-414b-94dd-9c4839f4725d msg="SendEvent: Pushed event to core data"
level=INFO ts=2019-10-19T04:25:29.413504Z app=device-simple source=utils.go:77 Content-Type=application/json correlation-id=9ee6b1d6-206f-425b-96fb-087e977e2aac msg="SendEvent: Pushed event to core data"
level=INFO ts=2019-10-19T04:25:37.423877Z app=device-simple source=utils.go:77 Content-Type=application/json correlation-id=82e62f18-b736-4337-8414-757961ce78d4 msg="SendEvent: Pushed event to core data"
level=INFO ts=2019-10-19T04:25:37.433122Z app=device-simple source=utils.go:77 Content-Type=application/json correlation-id=89de61b3-6fca-4ae3-9b0c-904ba567fbad msg="SendEvent: Pushed event to core data"
level=INFO ts=2019-10-19T04:25:45.409068Z app=device-simple source=utils.go:77 Content-Type=application/json correlation-id=b6fc88eb-d8a3-4a58-8e3f-68d1929f546d msg="SendEvent: Pushed event to core data"
level=INFO ts=2019-10-19T04:25:45.40989Z app=device-simple source=utils.go:77 Content-Type=application/json correlation-id=1e9bbf3c-c3ec-4449-8460-a04a31e712c6 msg="SendEvent: Pushed event to core data"
level=INFO ts=2019-10-19T04:25:53.405363Z app=device-simple source=utils.go:77 Content-Type=application/json correlation-id=06249afe-df11-4d8f-a33e-e6b1d86e250b msg="SendEvent: Pushed event to core data"
level=INFO ts=2019-10-19T04:25:53.408146Z app=device-simple source=utils.go:77 Content-Type=application/json correlation-id=ee0b0d08-b2f8-4599-9af3-4444eb14ea48 msg="SendEvent: Pushed event to core data"
level=INFO ts=2019-10-19T04:26:01.404252Z app=device-simple source=utils.go:77 Content-Type=application/json correlation-id=66b3ae39-866c-4796-9c8f-b4b826966a35 msg="SendEvent: Pushed event to core data"
level=INFO ts=2019-10-19T04:26:01.410974Z app=device-simple source=utils.go:77 Content-Type=application/json correlation-id=bc9ea0eb-ff9f-4683-926f-ae78baea3b5a msg="SendEvent: Pushed event to core data"
level=INFO ts=2019-10-19T04:26:09.414448Z app=device-simple source=utils.go:77 Content-Type=application/json correlation-id=04ccae25-abfb-4c13-aaf7-dd9f856abf59 msg="SendEvent: Pushed event to core data"
level=INFO ts=2019-10-19T04:26:09.426512Z app=device-simple source=utils.go:77 Content-Type=application/json correlation-id=a7c4570e-b607-4d8c-9d8b-054751b959ea msg="SendEvent: Pushed event to core data"
level=INFO ts=2019-10-19T04:26:17.423028Z app=device-simple source=utils.go:77 Content-Type=application/json correlation-id=02e7bc5c-840c-4617-b2d6-4b3a3cca90c2 msg="SendEvent: Pushed event to core data"
level=INFO ts=2019-10-19T04:26:17.431801Z app=device-simple source=utils.go:77 Content-Type=application/json correlation-id=07a87841-a89a-4711-b094-a57937724970 msg="SendEvent: Pushed event to core data"
level=INFO ts=2019-10-19T04:26:25.435413Z app=device-simple source=utils.go:77 Content-Type=application/json correlation-id=53346acd-203d-4c63-b9ef-e0766eee5c9c msg="SendEvent: Pushed event to core data"
level=INFO ts=2019-10-19T04:26:25.441355Z app=device-simple source=utils.go:77 Content-Type=application/json correlation-id=36205572-23ee-4205-b616-7fe0862df94c msg="SendEvent: Pushed event to core data"
level=INFO ts=2019-10-19T04:26:33.441367Z app=device-simple source=utils.go:77 Content-Type=application/json correlation-id=05cc8a1b-b22d-4084-8c12-86ce5e1633c8 msg="SendEvent: Pushed event to core data"
level=INFO ts=2019-10-19T04:26:33.445733Z app=device-simple source=utils.go:77 Content-Type=application/json correlation-id=9f5f86f6-607f-442e-b020-4b5fd3441ade msg="SendEvent: Pushed event to core data"
level=INFO ts=2019-10-19T04:26:41.432745Z app=device-simple source=utils.go:77 Content-Type=application/json correlation-id=f4a6e385-3148-41f1-90f5-0dec25030cde msg="SendEvent: Pushed event to core data"
level=INFO ts=2019-10-19T04:26:41.442382Z app=device-simple source=utils.go:77 Content-Type=application/json correlation-id=cbbcd528-a2eb-4659-addd-ea96daf4dd0e msg="SendEvent: Pushed event to core data"
level=INFO ts=2019-10-19T04:26:49.453562Z app=device-simple source=utils.go:77 Content-Type=application/json correlation-id=4cb1d2e5-66fa-40e2-ad33-f80918141585 msg="SendEvent: Pushed event to core data"
level=INFO ts=2019-10-19T04:26:49.45372Z app=device-simple source=utils.go:77 Content-Type=application/json correlation-id=3f6c88ad-0551-434c-bb32-ef9414da4137 msg="SendEvent: Pushed event to core data"
level=INFO ts=2019-10-19T04:26:57.451258Z app=device-simple source=utils.go:77 Content-Type=application/json correlation-id=8fe64019-dd01-43cd-83d1-8cb9e540ab0e msg="SendEvent: Pushed event to core data"
level=INFO ts=2019-10-19T04:26:57.456796Z app=device-simple source=utils.go:77 Content-Type=application/json correlation-id=b85cc013-f0c6-4e0f-8f04-8b3c1fc456a0 msg="SendEvent: Pushed event to core data"
level=INFO ts=2019-10-19T04:27:05.440188Z app=device-simple source=utils.go:77 Content-Type=application/json correlation-id=568d8cf6-37a7-4a34-8a19-eb08c8d438bc msg="SendEvent: Pushed event to core data"
level=INFO ts=2019-10-19T04:27:05.453589Z app=device-simple source=utils.go:77 Content-Type=application/json correlation-id=3c61bb5d-a100-4582-b188-d1173fd4b4b0 msg="SendEvent: Pushed event to core data"
level=INFO ts=2019-10-19T04:27:13.465942Z app=device-simple source=utils.go:77 Content-Type=application/json correlation-id=eecef6f5-a484-49b7-8308-c78ee1c10156 msg="SendEvent: Pushed event to core data"
level=INFO ts=2019-10-19T04:27:13.466198Z app=device-simple source=utils.go:77 Content-Type=application/json correlation-id=3c800dd1-b009-40a7-9ecb-3ff02908673b msg="SendEvent: Pushed event to core data"
level=INFO ts=2019-10-19T04:27:21.467373Z app=device-simple source=utils.go:77 Content-Type=application/json correlation-id=1a5da6b4-7ef1-4a5e-a52d-34ed3aec4a8c msg="SendEvent: Pushed event to core data"
level=INFO ts=2019-10-19T04:27:21.474989Z app=device-simple source=utils.go:77 Content-Type=application/json correlation-id=39aeb148-1c1e-44ae-b368-33c013dadec7 msg="SendEvent: Pushed event to core data"
level=INFO ts=2019-10-19T04:27:29.470158Z app=device-simple source=utils.go:77 Content-Type=application/json correlation-id=5a0b9ffc-5a14-41bc-8fab-ec34ccf8fdc2 msg="SendEvent: Pushed event to core data"
level=INFO ts=2019-10-19T04:27:29.489519Z app=device-simple source=utils.go:77 Content-Type=application/json correlation-id=46bf1130-a596-45de-ae87-0aec56d9edbb msg="SendEvent: Pushed event to core data"
level=INFO ts=2019-10-19T04:27:37.479885Z app=device-simple source=utils.go:77 Content-Type=application/json correlation-id=e0b553f1-caee-42de-9155-1d03bc3a09ab msg="SendEvent: Pushed event to core data"
level=INFO ts=2019-10-19T04:27:37.491437Z app=device-simple source=utils.go:77 Content-Type=application/json correlation-id=b8b11793-55e9-42ff-983a-c1e5429cb313 msg="SendEvent: Pushed event to core data"
level=INFO ts=2019-10-19T04:27:45.46483Z app=device-simple source=utils.go:77 Content-Type=application/json correlation-id=dc77b034-ed86-4b6e-937b-779639442544 msg="SendEvent: Pushed event to core data"
level=INFO ts=2019-10-19T04:27:45.46486Z app=device-simple source=utils.go:77 Content-Type=application/json correlation-id=aaa913d5-a35a-483a-8499-f36f8fa67465 msg="SendEvent: Pushed event to core data"
level=INFO ts=2019-10-19T04:30:31.315665Z app=device-simple source=init.go:137 msg="Check Data service's status ..."
level=INFO ts=2019-10-19T04:30:31.315668Z app=device-simple source=init.go:137 msg="Check Metadata service's status ..."
level=INFO ts=2019-10-19T04:30:31.319568Z app=device-simple source=init.go:47 msg="Service clients initialize successful."
level=INFO ts=2019-10-19T04:30:31.333951Z app=device-simple source=service.go:149 msg="Device Service device-simple exists"
level=INFO ts=2019-10-19T04:30:31.362096Z app=device-simple source=service.go:120 msg="*Service Start() called, name=device-simple, version=to be replaced by makefile"
level=INFO ts=2019-10-19T04:30:31.362299Z app=device-simple source=service.go:126 msg="Listening on port: 49992"
level=INFO ts=2019-10-19T04:30:31.362439Z app=device-simple source=service.go:127 msg="Service started in: 47.85032ms"
level=INFO ts=2019-10-19T04:38:39.441054Z app=device-simple source=init.go:137 msg="Check Data service's status ..."
level=INFO ts=2019-10-19T04:38:39.441044Z app=device-simple source=init.go:137 msg="Check Metadata service's status ..."
level=INFO ts=2019-10-19T04:38:39.444244Z app=device-simple source=init.go:47 msg="Service clients initialize successful."
level=INFO ts=2019-10-19T04:38:39.45784Z app=device-simple source=service.go:149 msg="Device Service device-simple exists"
level=INFO ts=2019-10-19T04:38:39.5181Z app=device-simple source=service.go:120 msg="*Service Start() called, name=device-simple, version=to be replaced by makefile"
level=INFO ts=2019-10-19T04:38:39.518341Z app=device-simple source=service.go:126 msg="Listening on port: 49992"
level=INFO ts=2019-10-19T04:38:39.518545Z app=device-simple source=service.go:127 msg="Service started in: 78.62967ms"
level=INFO ts=2019-10-19T04:38:47.691155Z app=device-simple source=utils.go:77 Content-Type=application/json correlation-id=c0a9fd41-1c20-4d38-95d4-2f9d729e845f msg="SendEvent: Pushed event to core data"
level=INFO ts=2019-10-19T04:38:47.703274Z app=device-simple source=utils.go:77 Content-Type=application/json correlation-id=e326c912-d82c-4bc1-a8e5-a3401a3babce msg="SendEvent: Pushed event to core data"
level=INFO ts=2019-10-19T04:38:55.686004Z app=device-simple source=utils.go:77 Content-Type=application/json correlation-id=cf851012-14b3-4086-8bb7-b1fb5877f8b8 msg="SendEvent: Pushed event to core data"
level=INFO ts=2019-10-19T04:38:55.692224Z app=device-simple source=utils.go:77 Content-Type=application/json correlation-id=c0c8f225-6515-4402-ac6f-12ac6f6e7d67 msg="SendEvent: Pushed event to core data"
level=INFO ts=2019-10-19T04:39:03.717829Z app=device-simple source=utils.go:77 Content-Type=application/json correlation-id=06a7c406-9913-41f5-8dbc-e3b205db8475 msg="SendEvent: Pushed event to core data"
level=INFO ts=2019-10-19T04:39:03.719122Z app=device-simple source=utils.go:77 Content-Type=application/json correlation-id=e61beac1-780a-4d66-8043-5b6be6fb8d44 msg="SendEvent: Pushed event to core data"
level=INFO ts=2019-10-19T04:39:11.699425Z app=device-simple source=utils.go:77 Content-Type=application/json correlation-id=2c2395e4-7f12-4c82-84af-c4aa2314ec2d msg="SendEvent: Pushed event to core data"
level=INFO ts=2019-10-19T04:39:11.700174Z app=device-simple source=utils.go:77 Content-Type=application/json correlation-id=cedccd82-a656-436e-b390-90d40a14280d msg="SendEvent: Pushed event to core data"
level=INFO ts=2019-10-19T04:39:19.727853Z app=device-simple source=utils.go:77 Content-Type=application/json correlation-id=ae61e008-4eea-4a67-88a1-ba79fcc56573 msg="SendEvent: Pushed event to core data"
level=INFO ts=2019-10-19T04:39:19.731383Z app=device-simple source=utils.go:77 Content-Type=application/json correlation-id=0c577e86-20f9-4dd5-8757-571d3ec574ae msg="SendEvent: Pushed event to core data"
level=INFO ts=2019-10-19T04:39:27.711341Z app=device-simple source=utils.go:77 Content-Type=application/json correlation-id=ebab0921-8ed5-4a04-980d-d272ba798523 msg="SendEvent: Pushed event to core data"
level=INFO ts=2019-10-19T04:39:27.715299Z app=device-simple source=utils.go:77 Content-Type=application/json correlation-id=66312796-09a2-4b10-b26d-0902bc8971c0 msg="SendEvent: Pushed event to core data"
level=INFO ts=2019-10-19T04:39:35.7154Z app=device-simple source=utils.go:77 Content-Type=application/json correlation-id=77b880c3-57e8-492a-a39b-5f1f2c0c2162 msg="SendEvent: Pushed event to core data"
level=INFO ts=2019-10-19T04:39:35.717507Z app=device-simple source=utils.go:77 Content-Type=application/json correlation-id=26650fe6-6e1f-434e-bc46-3c8128e8a05e msg="SendEvent: Pushed event to core data"
